[Wed Jul 29 23:48:29.961555 2020] [ssl:warn] [pid 19800:tid 532] AH01909: www.example.com:443:0 server certificate does NOT include an ID which matches the server name
[Wed Jul 29 23:48:30.018253 2020] [ssl:warn] [pid 19800:tid 532] AH01909: www.example.com:443:0 server certificate does NOT include an ID which matches the server name
[Wed Jul 29 23:48:35.193761 2020] [mpm_winnt:notice] [pid 19800:tid 532] AH00455: Apache/2.4.43 (Win64) OpenSSL/1.1.1g PHP/7.4.8 configured -- resuming normal operations
[Wed Jul 29 23:48:35.193761 2020] [mpm_winnt:notice] [pid 19800:tid 532] AH00456: Apache Lounge VC15 Server built: Apr 22 2020 11:11:00
[Wed Jul 29 23:48:35.193761 2020] [core:notice] [pid 19800:tid 532] AH00094: Command line: 'D:\\Xampp\\apache\\bin\\httpd.exe -d D:/Xampp/apache'
[Wed Jul 29 23:48:35.195847 2020] [mpm_winnt:notice] [pid 19800:tid 532] AH00418: Parent: Created child process 20836
[Wed Jul 29 23:48:35.495019 2020] [ssl:warn] [pid 20836:tid 548] AH01909: www.example.com:443:0 server certificate does NOT include an ID which matches the server name
[Wed Jul 29 23:48:35.542287 2020] [ssl:warn] [pid 20836:tid 548] AH01909: www.example.com:443:0 server certificate does NOT include an ID which matches the server name
[Wed Jul 29 23:48:35.571209 2020] [mpm_winnt:notice] [pid 20836:tid 548] AH00354: Child: Starting 150 worker threads.
[Wed Jul 29 23:50:19.014516 2020] [ssl:warn] [pid 15580:tid 572] AH01909: www.example.com:443:0 server certificate does NOT include an ID which matches the server name
[Wed Jul 29 23:50:19.084480 2020] [ssl:warn] [pid 15580:tid 572] AH01909: www.example.com:443:0 server certificate does NOT include an ID which matches the server name
[Wed Jul 29 23:50:19.107492 2020] [mpm_winnt:notice] [pid 15580:tid 572] AH00455: Apache/2.4.43 (Win64) OpenSSL/1.1.1g PHP/7.4.8 configured -- resuming normal operations
[Wed Jul 29 23:50:19.107492 2020] [mpm_winnt:notice] [pid 15580:tid 572] AH00456: Apache Lounge VC15 Server built: Apr 22 2020 11:11:00
[Wed Jul 29 23:50:19.107492 2020] [core:notice] [pid 15580:tid 572] AH00094: Command line: 'd:\\xampp\\apache\\bin\\httpd.exe -d D:/Xampp/apache'
[Wed Jul 29 23:50:19.109461 2020] [mpm_winnt:notice] [pid 15580:tid 572] AH00418: Parent: Created child process 5232
[Wed Jul 29 23:50:19.466591 2020] [ssl:warn] [pid 5232:tid 572] AH01909: www.example.com:443:0 server certificate does NOT include an ID which matches the server name
[Wed Jul 29 23:50:19.519125 2020] [ssl:warn] [pid 5232:tid 572] AH01909: www.example.com:443:0 server certificate does NOT include an ID which matches the server name
[Wed Jul 29 23:50:19.542062 2020] [mpm_winnt:notice] [pid 5232:tid 572] AH00354: Child: Starting 150 worker threads.
[Wed Jul 29 23:54:07.534071 2020] [php7:warn] [pid 5232:tid 1824] [client ::1:63489] PHP Warning:  Invalid argument supplied for foreach() in D:\\Xampp\\htdocs\\portfolio\\wp-content\\plugins\\futurio-extra\\lib\\demo\\demos.php on line 1307, referer: http://localhost/portfolio/wp-admin/themes.php?page=futurio-panel-install-demos
[Wed Jul 29 23:59:40.904151 2020] [ssl:warn] [pid 19128:tid 560] AH01909: www.example.com:443:0 server certificate does NOT include an ID which matches the server name
[Wed Jul 29 23:59:40.956094 2020] [core:warn] [pid 19128:tid 560] AH00098: pid file D:/Xampp/apache/logs/httpd.pid overwritten -- Unclean shutdown of previous Apache run?
[Wed Jul 29 23:59:40.959086 2020] [ssl:warn] [pid 19128:tid 560] AH01909: www.example.com:443:0 server certificate does NOT include an ID which matches the server name
[Wed Jul 29 23:59:40.983023 2020] [mpm_winnt:notice] [pid 19128:tid 560] AH00455: Apache/2.4.43 (Win64) OpenSSL/1.1.1g PHP/7.4.8 configured -- resuming normal operations
[Wed Jul 29 23:59:40.983023 2020] [mpm_winnt:notice] [pid 19128:tid 560] AH00456: Apache Lounge VC15 Server built: Apr 22 2020 11:11:00
[Wed Jul 29 23:59:40.983023 2020] [core:notice] [pid 19128:tid 560] AH00094: Command line: 'd:\\xampp\\apache\\bin\\httpd.exe -d D:/Xampp/apache'
[Wed Jul 29 23:59:40.985016 2020] [mpm_winnt:notice] [pid 19128:tid 560] AH00418: Parent: Created child process 19504
[Wed Jul 29 23:59:41.268816 2020] [ssl:warn] [pid 19504:tid 568] AH01909: www.example.com:443:0 server certificate does NOT include an ID which matches the server name
[Wed Jul 29 23:59:41.312855 2020] [ssl:warn] [pid 19504:tid 568] AH01909: www.example.com:443:0 server certificate does NOT include an ID which matches the server name
[Wed Jul 29 23:59:41.354377 2020] [mpm_winnt:notice] [pid 19504:tid 568] AH00354: Child: Starting 150 worker threads.
[Thu Jul 30 11:39:12.243974 2020] [ssl:warn] [pid 2596:tid 532] AH01909: www.example.com:443:0 server certificate does NOT include an ID which matches the server name
[Thu Jul 30 11:39:12.384454 2020] [core:warn] [pid 2596:tid 532] AH00098: pid file D:/Xampp/apache/logs/httpd.pid overwritten -- Unclean shutdown of previous Apache run?
[Thu Jul 30 11:39:12.384454 2020] [ssl:warn] [pid 2596:tid 532] AH01909: www.example.com:443:0 server certificate does NOT include an ID which matches the server name
[Thu Jul 30 11:39:13.532390 2020] [mpm_winnt:notice] [pid 2596:tid 532] AH00455: Apache/2.4.43 (Win64) OpenSSL/1.1.1g PHP/7.4.8 configured -- resuming normal operations
[Thu Jul 30 11:39:13.532390 2020] [mpm_winnt:notice] [pid 2596:tid 532] AH00456: Apache Lounge VC15 Server built: Apr 22 2020 11:11:00
[Thu Jul 30 11:39:13.532390 2020] [core:notice] [pid 2596:tid 532] AH00094: Command line: 'd:\\xampp\\apache\\bin\\httpd.exe -d D:/Xampp/apache'
[Thu Jul 30 11:39:13.548228 2020] [mpm_winnt:notice] [pid 2596:tid 532] AH00418: Parent: Created child process 10744
[Thu Jul 30 11:39:13.829192 2020] [ssl:warn] [pid 10744:tid 568] AH01909: www.example.com:443:0 server certificate does NOT include an ID which matches the server name
[Thu Jul 30 11:39:13.860623 2020] [ssl:warn] [pid 10744:tid 568] AH01909: www.example.com:443:0 server certificate does NOT include an ID which matches the server name
[Thu Jul 30 11:39:13.891678 2020] [mpm_winnt:notice] [pid 10744:tid 568] AH00354: Child: Starting 150 worker threads.
[Thu Jul 30 11:40:20.472923 2020] [mpm_winnt:crit] [pid 10744:tid 568] AH02538: Child: Parent process exited abruptly. Child process is ending
[Thu Jul 30 11:40:55.201858 2020] [ssl:warn] [pid 8028:tid 560] AH01909: www.example.com:443:0 server certificate does NOT include an ID which matches the server name
[Thu Jul 30 11:40:55.264434 2020] [core:warn] [pid 8028:tid 560] AH00098: pid file D:/Xampp/apache/logs/httpd.pid overwritten -- Unclean shutdown of previous Apache run?
[Thu Jul 30 11:40:55.264434 2020] [ssl:warn] [pid 8028:tid 560] AH01909: www.example.com:443:0 server certificate does NOT include an ID which matches the server name
[Thu Jul 30 11:40:55.295667 2020] [mpm_winnt:notice] [pid 8028:tid 560] AH00455: Apache/2.4.43 (Win64) OpenSSL/1.1.1g PHP/7.4.8 configured -- resuming normal operations
[Thu Jul 30 11:40:55.295667 2020] [mpm_winnt:notice] [pid 8028:tid 560] AH00456: Apache Lounge VC15 Server built: Apr 22 2020 11:11:00
[Thu Jul 30 11:40:55.295667 2020] [core:notice] [pid 8028:tid 560] AH00094: Command line: 'd:\\xampp\\apache\\bin\\httpd.exe -d D:/Xampp/apache'
[Thu Jul 30 11:40:55.295667 2020] [mpm_winnt:notice] [pid 8028:tid 560] AH00418: Parent: Created child process 2340
[Thu Jul 30 11:40:55.576850 2020] [ssl:warn] [pid 2340:tid 568] AH01909: www.example.com:443:0 server certificate does NOT include an ID which matches the server name
[Thu Jul 30 11:40:55.608092 2020] [ssl:warn] [pid 2340:tid 568] AH01909: www.example.com:443:0 server certificate does NOT include an ID which matches the server name
[Thu Jul 30 11:40:55.623715 2020] [mpm_winnt:notice] [pid 2340:tid 568] AH00354: Child: Starting 150 worker threads.
[Fri Jul 31 15:03:00.234169 2020] [ssl:warn] [pid 8848:tid 516] AH01909: www.example.com:443:0 server certificate does NOT include an ID which matches the server name
[Fri Jul 31 15:03:00.327030 2020] [core:warn] [pid 8848:tid 516] AH00098: pid file D:/Xampp/apache/logs/httpd.pid overwritten -- Unclean shutdown of previous Apache run?
[Fri Jul 31 15:03:00.334092 2020] [ssl:warn] [pid 8848:tid 516] AH01909: www.example.com:443:0 server certificate does NOT include an ID which matches the server name
[Fri Jul 31 15:03:01.286491 2020] [mpm_winnt:notice] [pid 8848:tid 516] AH00455: Apache/2.4.43 (Win64) OpenSSL/1.1.1g PHP/7.4.8 configured -- resuming normal operations
[Fri Jul 31 15:03:01.286491 2020] [mpm_winnt:notice] [pid 8848:tid 516] AH00456: Apache Lounge VC15 Server built: Apr 22 2020 11:11:00
[Fri Jul 31 15:03:01.286491 2020] [core:notice] [pid 8848:tid 516] AH00094: Command line: 'd:\\xampp\\apache\\bin\\httpd.exe -d D:/Xampp/apache'
[Fri Jul 31 15:03:01.288169 2020] [mpm_winnt:notice] [pid 8848:tid 516] AH00418: Parent: Created child process 5588
[Fri Jul 31 15:03:01.566226 2020] [ssl:warn] [pid 5588:tid 564] AH01909: www.example.com:443:0 server certificate does NOT include an ID which matches the server name
[Fri Jul 31 15:03:01.652552 2020] [ssl:warn] [pid 5588:tid 564] AH01909: www.example.com:443:0 server certificate does NOT include an ID which matches the server name
[Fri Jul 31 15:03:01.705312 2020] [mpm_winnt:notice] [pid 5588:tid 564] AH00354: Child: Starting 150 worker threads.
[Fri Jul 31 15:05:55.441251 2020] [php7:warn] [pid 5588:tid 1776] [client ::1:63588] PHP Warning:  Invalid argument supplied for foreach() in D:\\Xampp\\htdocs\\portfolio\\wp-content\\plugins\\futurio-extra\\lib\\demo\\demos.php on line 1307, referer: http://localhost/portfolio/wp-admin/themes.php?page=futurio-panel-install-demos
libpng warning: iCCP: known incorrect sRGB profile
[Fri Jul 31 15:07:55.767451 2020] [php7:warn] [pid 5588:tid 1776] [client ::1:63719] PHP Warning:  Invalid argument supplied for foreach() in D:\\Xampp\\htdocs\\portfolio\\wp-content\\plugins\\futurio-extra\\lib\\demo\\demos.php on line 1307, referer: http://localhost/portfolio/wp-admin/themes.php?page=futurio-panel-install-demos
[Fri Jul 31 15:09:01.393734 2020] [php7:error] [pid 5588:tid 1816] [client ::1:63753] PHP Fatal error:  Uncaught Error: Call to undefined function futurio_thumb_img() in D:\\Xampp\\htdocs\\portfolio\\wp-content\\plugins\\futurio-extra\\lib\\shortcodes\\shortcodes.php:48\nStack trace:\n#0 D:\\Xampp\\htdocs\\portfolio\\wp-includes\\shortcodes.php(343): futurio_extra_posts_carousel_shortcode(Array, '', 'futurio-posts')\n#1 [internal function]: do_shortcode_tag(Array)\n#2 D:\\Xampp\\htdocs\\portfolio\\wp-includes\\shortcodes.php(218): preg_replace_callback('/\\\\[(\\\\[?)(futuri...', 'do_shortcode_ta...', '[futurio-posts ...')\n#3 D:\\Xampp\\htdocs\\portfolio\\wp-content\\plugins\\elementor\\includes\\widgets\\shortcode.php(130): do_shortcode('[futurio-posts ...')\n#4 D:\\Xampp\\htdocs\\portfolio\\wp-content\\plugins\\elementor\\includes\\base\\widget-base.php(531): Elementor\\Widget_Shortcode->render()\n#5 D:\\Xampp\\htdocs\\portfolio\\wp-content\\plugins\\elementor\\includes\\base\\widget-base.php(661): Elementor\\Widget_Base->render_content()\n#6 D:\\Xampp\\htdocs\\portfolio\\wp-content\\plugins\\elementor\\includes\\base\\element-base.php(642): Elementor\\Widget_Base->_print_cont in D:\\Xampp\\htdocs\\portfolio\\wp-content\\plugins\\futurio-extra\\lib\\shortcodes\\shortcodes.php on line 48, referer: http://localhost/portfolio/wp-admin/themes.php?page=futurio-panel-install-demos
[Fri Jul 31 15:10:38.587355 2020] [php7:warn] [pid 5588:tid 1776] [client ::1:63904] PHP Warning:  Invalid argument supplied for foreach() in D:\\Xampp\\htdocs\\portfolio\\wp-content\\plugins\\futurio-extra\\lib\\demo\\demos.php on line 1307, referer: http://localhost/portfolio/wp-admin/themes.php?page=futurio-panel-install-demos
[Fri Jul 31 15:13:07.688706 2020] [php7:warn] [pid 5588:tid 1816] [client ::1:64060] PHP Warning:  Invalid argument supplied for foreach() in D:\\Xampp\\htdocs\\portfolio\\wp-content\\plugins\\futurio-extra\\lib\\demo\\demos.php on line 1307, referer: http://localhost/portfolio/wp-admin/themes.php?page=futurio-panel-install-demos
[Fri Jul 31 15:13:21.587788 2020] [php7:warn] [pid 5588:tid 1816] [client ::1:64063] PHP Warning:  Invalid argument supplied for foreach() in D:\\Xampp\\htdocs\\portfolio\\wp-content\\plugins\\futurio-extra\\lib\\demo\\demos.php on line 1471, referer: http://localhost/portfolio/wp-admin/themes.php?page=futurio-panel-install-demos
[Fri Jul 31 15:13:57.613933 2020] [php7:warn] [pid 5588:tid 1816] [client ::1:64110] PHP Warning:  Invalid argument supplied for foreach() in D:\\Xampp\\htdocs\\portfolio\\wp-content\\plugins\\futurio-extra\\lib\\demo\\demos.php on line 1307, referer: http://localhost/portfolio/wp-admin/themes.php?page=futurio-panel-install-demos
[Fri Jul 31 15:29:25.387421 2020] [ssl:warn] [pid 8584:tid 572] AH01909: www.example.com:443:0 server certificate does NOT include an ID which matches the server name
[Fri Jul 31 15:29:25.464791 2020] [core:warn] [pid 8584:tid 572] AH00098: pid file D:/Xampp/apache/logs/httpd.pid overwritten -- Unclean shutdown of previous Apache run?
[Fri Jul 31 15:29:25.471678 2020] [ssl:warn] [pid 8584:tid 572] AH01909: www.example.com:443:0 server certificate does NOT include an ID which matches the server name
[Fri Jul 31 15:29:26.347549 2020] [mpm_winnt:notice] [pid 8584:tid 572] AH00455: Apache/2.4.43 (Win64) OpenSSL/1.1.1g PHP/7.4.8 configured -- resuming normal operations
[Fri Jul 31 15:29:26.347549 2020] [mpm_winnt:notice] [pid 8584:tid 572] AH00456: Apache Lounge VC15 Server built: Apr 22 2020 11:11:00
[Fri Jul 31 15:29:26.347549 2020] [core:notice] [pid 8584:tid 572] AH00094: Command line: 'd:\\xampp\\apache\\bin\\httpd.exe -d D:/Xampp/apache'
[Fri Jul 31 15:29:26.351361 2020] [mpm_winnt:notice] [pid 8584:tid 572] AH00418: Parent: Created child process 6904
[Fri Jul 31 15:29:26.615007 2020] [ssl:warn] [pid 6904:tid 556] AH01909: www.example.com:443:0 server certificate does NOT include an ID which matches the server name
[Fri Jul 31 15:29:26.703222 2020] [ssl:warn] [pid 6904:tid 556] AH01909: www.example.com:443:0 server certificate does NOT include an ID which matches the server name
[Fri Jul 31 15:29:26.748623 2020] [mpm_winnt:notice] [pid 6904:tid 556] AH00354: Child: Starting 150 worker threads.
[Fri Jul 31 15:30:32.616995 2020] [php7:notice] [pid 6904:tid 1820] [client ::1:64214] WordPress database error Unknown column 'wp_' in 'field list' for query SELECT wp_, referer: http://localhost/portfolio/wp-admin/setup-config.php?step=1
[Fri Jul 31 15:35:12.939121 2020] [php7:error] [pid 6904:tid 1784] [client ::1:64473] PHP Fatal error:  Maximum execution time of 120 seconds exceeded in D:\\Xampp\\htdocs\\portfolio\\wp-admin\\includes\\class-wp-filesystem-direct.php on line 81, referer: http://localhost/portfolio/wp-admin/themes.php?page=futurio
[Fri Jul 31 15:41:15.150790 2020] [php7:warn] [pid 6904:tid 1784] [client ::1:64600] PHP Warning:  Invalid argument supplied for foreach() in D:\\Xampp\\htdocs\\portfolio\\wp-content\\plugins\\futurio-extra\\lib\\demo\\demos.php on line 1307, referer: http://localhost/portfolio/wp-admin/themes.php?page=futurio-panel-install-demos
[Fri Jul 31 15:44:17.871133 2020] [php7:error] [pid 6904:tid 1784] [client ::1:64600] PHP Fatal error:  Maximum execution time of 120 seconds exceeded in D:\\Xampp\\htdocs\\portfolio\\wp-includes\\Requests\\Transport\\cURL.php on line 463, referer: http://localhost/portfolio/wp-admin/themes.php?page=futurio-panel-install-demos
[Fri Jul 31 15:44:22.392975 2020] [php7:warn] [pid 6904:tid 1820] [client ::1:64640] PHP Warning:  Invalid argument supplied for foreach() in D:\\Xampp\\htdocs\\portfolio\\wp-content\\plugins\\futurio-extra\\lib\\demo\\demos.php on line 1307, referer: http://localhost/portfolio/wp-admin/themes.php?page=futurio-panel-install-demos
[Fri Jul 31 15:48:04.898796 2020] [php7:error] [pid 6904:tid 1784] [client ::1:64643] PHP Fatal error:  Maximum execution time of 120 seconds exceeded in D:\\Xampp\\htdocs\\portfolio\\wp-includes\\Requests\\Transport\\cURL.php on line 463, referer: http://localhost/portfolio/wp-admin/plugin-install.php?s=elementor&tab=search&type=term
[Fri Jul 31 15:52:45.647975 2020] [php7:warn] [pid 6904:tid 1784] [client ::1:59638] PHP Warning:  Invalid argument supplied for foreach() in D:\\Xampp\\htdocs\\portfolio\\wp-content\\plugins\\futurio-extra\\lib\\demo\\demos.php on line 1307, referer: http://localhost/portfolio/wp-admin/themes.php?page=futurio-panel-install-demos
libpng warning: iCCP: known incorrect sRGB profile
