InnoDB: using atomic writes.
2020-07-29 23:50:23 0 [Note] InnoDB: Mutexes and rw_locks use Windows interlocked functions
2020-07-29 23:50:23 0 [Note] InnoDB: Uses event mutexes
2020-07-29 23:50:23 0 [Note] InnoDB: Compressed tables use zlib 1.2.11
2020-07-29 23:50:23 0 [Note] InnoDB: Number of pools: 1
2020-07-29 23:50:23 0 [Note] InnoDB: Using SSE2 crc32 instructions
2020-07-29 23:50:23 0 [Note] InnoDB: Initializing buffer pool, total size = 16M, instances = 1, chunk size = 16M
2020-07-29 23:50:23 0 [Note] InnoDB: Completed initialization of buffer pool
2020-07-29 23:50:23 0 [Note] InnoDB: Starting crash recovery from checkpoint LSN=300288
2020-07-29 23:50:24 0 [Note] InnoDB: 128 out of 128 rollback segments are active.
2020-07-29 23:50:24 0 [Note] InnoDB: Removed temporary tablespace data file: "ibtmp1"
2020-07-29 23:50:24 0 [Note] InnoDB: Creating shared tablespace for temporary tables
2020-07-29 23:50:24 0 [Note] InnoDB: Setting file 'D:\Xampp\mysql\data\ibtmp1' size to 12 MB. Physically writing the file full; Please wait ...
2020-07-29 23:50:24 0 [Note] InnoDB: File 'D:\Xampp\mysql\data\ibtmp1' size is now 12 MB.
2020-07-29 23:50:24 0 [Note] InnoDB: Waiting for purge to start
2020-07-29 23:50:24 0 [Note] InnoDB: 10.4.13 started; log sequence number 300297; transaction id 171
2020-07-29 23:50:24 0 [Note] InnoDB: Loading buffer pool(s) from D:\Xampp\mysql\data\ib_buffer_pool
2020-07-29 23:50:24 0 [Note] Plugin 'FEEDBACK' is disabled.
2020-07-29 23:50:24 0 [Note] Server socket created on IP: '::'.
InnoDB: using atomic writes.
2020-07-29 23:59:40 0 [Note] InnoDB: Mutexes and rw_locks use Windows interlocked functions
2020-07-29 23:59:40 0 [Note] InnoDB: Uses event mutexes
2020-07-29 23:59:40 0 [Note] InnoDB: Compressed tables use zlib 1.2.11
2020-07-29 23:59:40 0 [Note] InnoDB: Number of pools: 1
2020-07-29 23:59:40 0 [Note] InnoDB: Using SSE2 crc32 instructions
2020-07-29 23:59:40 0 [Note] InnoDB: Initializing buffer pool, total size = 16M, instances = 1, chunk size = 16M
2020-07-29 23:59:40 0 [Note] InnoDB: Completed initialization of buffer pool
2020-07-29 23:59:41 0 [Note] InnoDB: Starting crash recovery from checkpoint LSN=6321923
2020-07-29 23:59:43 0 [Note] InnoDB: 128 out of 128 rollback segments are active.
2020-07-29 23:59:43 0 [Note] InnoDB: Removed temporary tablespace data file: "ibtmp1"
2020-07-29 23:59:43 0 [Note] InnoDB: Creating shared tablespace for temporary tables
2020-07-29 23:59:43 0 [Note] InnoDB: Setting file 'D:\Xampp\mysql\data\ibtmp1' size to 12 MB. Physically writing the file full; Please wait ...
2020-07-29 23:59:43 0 [Note] InnoDB: File 'D:\Xampp\mysql\data\ibtmp1' size is now 12 MB.
2020-07-29 23:59:43 0 [Note] InnoDB: Waiting for purge to start
2020-07-29 23:59:43 0 [Note] InnoDB: 10.4.13 started; log sequence number 6321932; transaction id 3246
2020-07-29 23:59:43 0 [Note] InnoDB: Loading buffer pool(s) from D:\Xampp\mysql\data\ib_buffer_pool
2020-07-29 23:59:43 0 [Note] Plugin 'FEEDBACK' is disabled.
2020-07-29 23:59:43 0 [Note] Server socket created on IP: '::'.
InnoDB: using atomic writes.
2020-07-30 11:39:12 0 [Note] InnoDB: Mutexes and rw_locks use Windows interlocked functions
2020-07-30 11:39:12 0 [Note] InnoDB: Uses event mutexes
2020-07-30 11:39:12 0 [Note] InnoDB: Compressed tables use zlib 1.2.11
2020-07-30 11:39:12 0 [Note] InnoDB: Number of pools: 1
2020-07-30 11:39:12 0 [Note] InnoDB: Using SSE2 crc32 instructions
2020-07-30 11:39:12 0 [Note] InnoDB: Initializing buffer pool, total size = 16M, instances = 1, chunk size = 16M
2020-07-30 11:39:12 0 [Note] InnoDB: Completed initialization of buffer pool
2020-07-30 11:39:13 0 [Note] InnoDB: The log sequence number 139827 in the system tablespace does not match the log sequence number 6339084 in the ib_logfiles!
2020-07-30 11:39:15 0 [Note] InnoDB: 128 out of 128 rollback segments are active.
2020-07-30 11:39:15 0 [Note] InnoDB: Removed temporary tablespace data file: "ibtmp1"
2020-07-30 11:39:15 0 [Note] InnoDB: Creating shared tablespace for temporary tables
2020-07-30 11:39:15 0 [Note] InnoDB: Setting file 'D:\Xampp\mysql\data\ibtmp1' size to 12 MB. Physically writing the file full; Please wait ...
2020-07-30 11:39:15 0 [Note] InnoDB: File 'D:\Xampp\mysql\data\ibtmp1' size is now 12 MB.
2020-07-30 11:39:15 0 [Note] InnoDB: Waiting for purge to start
2020-07-30 11:39:15 0 [Note] InnoDB: 10.4.13 started; log sequence number 6339084; transaction id 3286
2020-07-30 11:39:15 0 [Note] InnoDB: Loading buffer pool(s) from D:\Xampp\mysql\data\ib_buffer_pool
2020-07-30 11:39:15 0 [Note] Plugin 'FEEDBACK' is disabled.
2020-07-30 11:39:15 0 [Note] Server socket created on IP: '::'.
InnoDB: using atomic writes.
2020-07-30 11:40:56 0 [Note] InnoDB: Mutexes and rw_locks use Windows interlocked functions
2020-07-30 11:40:56 0 [Note] InnoDB: Uses event mutexes
2020-07-30 11:40:56 0 [Note] InnoDB: Compressed tables use zlib 1.2.11
2020-07-30 11:40:56 0 [Note] InnoDB: Number of pools: 1
2020-07-30 11:40:56 0 [Note] InnoDB: Using SSE2 crc32 instructions
2020-07-30 11:40:56 0 [Note] InnoDB: Initializing buffer pool, total size = 16M, instances = 1, chunk size = 16M
2020-07-30 11:40:56 0 [Note] InnoDB: Completed initialization of buffer pool
2020-07-30 11:40:56 0 [Note] InnoDB: Starting crash recovery from checkpoint LSN=6550668
2020-07-30 11:40:58 0 [Note] InnoDB: 128 out of 128 rollback segments are active.
2020-07-30 11:40:58 0 [Note] InnoDB: Removed temporary tablespace data file: "ibtmp1"
2020-07-30 11:40:58 0 [Note] InnoDB: Creating shared tablespace for temporary tables
2020-07-30 11:40:58 0 [Note] InnoDB: Setting file 'D:\Xampp\mysql\data\ibtmp1' size to 12 MB. Physically writing the file full; Please wait ...
2020-07-30 11:40:58 0 [Note] InnoDB: File 'D:\Xampp\mysql\data\ibtmp1' size is now 12 MB.
2020-07-30 11:40:58 0 [Note] InnoDB: Waiting for purge to start
2020-07-30 11:40:58 0 [Note] InnoDB: 10.4.13 started; log sequence number 6550677; transaction id 3367
2020-07-30 11:40:58 0 [Note] InnoDB: Loading buffer pool(s) from D:\Xampp\mysql\data\ib_buffer_pool
2020-07-30 11:40:58 0 [Note] Plugin 'FEEDBACK' is disabled.
2020-07-30 11:40:58 0 [Note] Server socket created on IP: '::'.
